SF:lib\core\http\pokedex_http.dart
DA:9,1
DA:11,0
DA:12,0
DA:15,1
DA:16,3
DA:17,2
DA:20,0
DA:21,0
DA:24,0
DA:25,0
DA:31,0
DA:32,0
LF:12
LH:4
end_of_record
SF:lib\core\errors\server_exception.dart
DA:2,4
LF:1
LH:1
end_of_record
SF:lib\modules\home\data\datasources\pokemon_datasource.dart
DA:19,1
DA:21,1
DA:23,2
DA:24,3
DA:25,1
DA:29,4
DA:30,6
DA:32,0
DA:37,1
DA:39,2
DA:40,3
DA:42,2
DA:43,2
DA:45,0
LF:14
LH:12
end_of_record
SF:lib\modules\home\data\models\pokemon_base_model.dart
DA:4,6
DA:9,2
DA:10,2
DA:11,2
DA:12,2
LF:5
LH:5
end_of_record
SF:lib\modules\home\data\models\pokemon_model.dart
DA:4,7
DA:6,5
DA:7,5
DA:8,15
DA:9,15
DA:10,15
DA:11,10
LF:7
LH:7
end_of_record
SF:lib\core\adapters\request_send_adapter.dart
DA:5,1
DA:7,1
DA:8,1
DA:11,1
DA:12,3
DA:15,3
DA:20,3
LF:7
LH:7
end_of_record
SF:lib\modules\home\domain\entities\pokemon_base_entity.dart
DA:7,6
DA:12,1
DA:13,1
DA:14,1
DA:15,1
LF:5
LH:5
end_of_record
SF:lib\modules\home\domain\entities\pokemon_entity.dart
DA:9,7
DA:16,2
DA:17,2
DA:18,2
DA:19,2
DA:20,2
DA:21,2
LF:7
LH:7
end_of_record
SF:lib\modules\home\data\repositories\pokemon_repository_impl.dart
DA:14,1
DA:16,1
DA:19,3
DA:20,1
DA:21,2
DA:25,1
DA:28,3
DA:29,1
DA:30,2
LF:9
LH:9
end_of_record
SF:lib\core\failures\failure.dart
DA:8,4
DA:10,1
DA:11,1
DA:12,0
DA:14,2
DA:15,0
DA:19,2
LF:7
LH:5
end_of_record
SF:lib\core\failures\not_found_failure.dart
DA:5,0
LF:1
LH:0
end_of_record
SF:lib\core\failures\server_failure.dart
DA:5,4
LF:1
LH:1
end_of_record
SF:lib\modules\home\domain\usecases\fetch_pokemon_base_list.dart
DA:15,1
DA:17,1
DA:19,2
LF:3
LH:3
end_of_record
SF:lib\modules\home\domain\usecases\fetch_pokemon.dart
DA:15,1
DA:17,1
DA:19,2
LF:3
LH:3
end_of_record
SF:lib\modules\home\presentation\store\home_store.g.dart
DA:12,1
DA:13,2
DA:15,1
DA:17,2
DA:18,1
DA:21,0
DA:23,0
DA:24,0
DA:28,1
DA:29,2
DA:31,1
DA:33,2
DA:34,1
DA:37,1
DA:39,4
DA:40,1
DA:44,1
DA:45,2
DA:47,0
DA:49,0
DA:50,0
DA:53,1
DA:55,4
DA:56,1
DA:60,1
DA:61,2
DA:63,1
DA:65,2
DA:66,1
DA:69,1
DA:71,4
DA:72,1
DA:76,1
DA:77,2
DA:79,1
DA:81,4
DA:84,1
DA:85,2
DA:87,1
DA:89,2
DA:92,1
DA:94,2
DA:98,0
DA:101,0
DA:102,0
DA:103,0
DA:104,0
DA:105,0
LF:48
LH:36
end_of_record
SF:lib\modules\home\presentation\store\home_store.dart
DA:16,1
DA:30,1
DA:32,2
DA:33,1
DA:36,1
DA:38,1
DA:40,3
DA:42,1
DA:43,1
DA:44,1
DA:45,1
DA:47,1
DA:48,1
DA:49,3
LF:14
LH:14
end_of_record
SF:lib\modules\home\presentation\store\search_pokemon_store.g.dart
DA:12,1
DA:13,2
DA:15,1
DA:17,4
DA:20,0
LF:5
LH:4
end_of_record
SF:lib\modules\home\presentation\store\search_pokemon_store.dart
DA:16,1
DA:18,1
DA:20,2
LF:3
LH:3
end_of_record
SF:lib\core\get_it.dart
DA:6,6
DA:8,0
DA:13,0
LF:3
LH:1
end_of_record
SF:lib\modules\home\presentation\home_page.dart
DA:11,1
DA:13,1
DA:14,1
DA:21,2
DA:22,1
DA:23,0
DA:24,0
DA:26,0
DA:31,1
DA:33,1
DA:34,1
DA:35,1
DA:37,4
DA:38,3
DA:41,1
DA:42,1
DA:44,3
DA:48,1
DA:49,1
DA:50,1
DA:51,1
DA:52,1
DA:54,1
DA:55,1
DA:56,1
DA:57,1
DA:58,2
DA:59,1
DA:61,1
DA:62,0
DA:63,0
DA:65,0
DA:66,0
DA:67,0
DA:68,0
DA:72,1
DA:74,1
DA:75,1
DA:77,1
DA:78,1
DA:79,1
DA:81,1
DA:82,1
DA:83,1
DA:84,2
DA:85,1
DA:86,2
DA:87,4
DA:88,4
DA:91,1
DA:95,1
DA:96,1
DA:97,1
LF:53
LH:44
end_of_record
SF:lib\modules\home\presentation\widgets\dialog_pokemon_stats.dart
DA:5,2
DA:9,1
DA:10,2
DA:11,1
DA:14,1
DA:15,1
DA:16,1
DA:22,2
DA:24,2
DA:26,2
DA:27,2
DA:28,2
DA:30,2
DA:31,2
DA:32,6
DA:34,2
DA:37,2
DA:38,2
DA:39,2
DA:40,6
DA:41,2
DA:42,6
DA:43,8
DA:44,8
DA:49,2
DA:51,6
DA:53,2
DA:55,4
DA:56,10
DA:59,2
DA:61,6
DA:63,2
DA:65,4
DA:66,10
DA:69,2
DA:71,6
DA:73,2
DA:75,4
DA:76,10
LF:39
LH:39
end_of_record
SF:lib\modules\home\presentation\widgets\search_button.dart
DA:9,2
DA:11,2
DA:12,2
DA:16,4
DA:26,2
DA:28,4
DA:29,4
DA:30,3
DA:31,2
DA:34,2
DA:36,2
DA:37,2
DA:38,2
DA:40,2
DA:42,6
DA:45,2
DA:46,6
DA:47,2
DA:49,2
DA:51,2
DA:52,2
DA:61,1
DA:62,1
DA:64,3
DA:65,1
DA:67,3
DA:69,1
DA:70,0
DA:71,1
DA:72,1
DA:81,2
DA:84,2
DA:88,1
DA:89,2
DA:90,1
DA:91,0
DA:92,0
DA:93,0
DA:95,1
DA:96,2
DA:97,2
DA:101,2
DA:103,2
DA:104,6
LF:44
LH:40
end_of_record
